<?xml version="1.0" encoding="utf-8"?><testsuites><testsuite name="pytest" errors="0" failures="0" skipped="0" tests="12" time="4.254" timestamp="2025-01-05T14:02:05.726879+01:00" hostname="juanca"><testcase classname="MyAdventures.tests.test_practica" name="test_activar_tnt" time="0.051" /><testcase classname="MyAdventures.tests.test_practica" name="test_activar_ai" time="0.001" /><testcase classname="MyAdventures.tests.test_practica" name="test_activar_insult" time="0.001" /><testcase classname="MyAdventures.tests.test_practica" name="test_desactivar_tnt" time="0.136" /><testcase classname="MyAdventures.tests.test_practica" name="test_desactivar_ai" time="0.100" /><testcase classname="MyAdventures.tests.test_practica" name="test_desactivar_insult" time="0.148" /><testcase classname="MyAdventures.tests.test_practica" name="test_wake_server" time="0.250" /><testcase classname="MyAdventures.tests.test_practica" name="test_mostrar_bots" time="0.001" /><testcase classname="MyAdventures.tests.test_practica" name="test_enviar_mensaje" time="0.001" /><testcase classname="MyAdventures.tests.test_practica" name="test_obtener_jugadores" time="0.045" /><testcase classname="MyAdventures.tests.test_practica" name="test_activar_bot" time="0.002" /><testcase classname="MyAdventures.tests.test_practica" name="test_desactivar_bot" time="0.096" /></testsuite></testsuites>