<?xml version="1.0" encoding="utf-8"?><testsuites><testsuite name="pytest" errors="0" failures="0" skipped="0" tests="6" time="6.472" timestamp="2025-01-04T18:41:13.246999+01:00" hostname="juanca"><testcase classname="MyAdventures.tests.test_practica" name="test_activar_tnt" time="0.064" /><testcase classname="MyAdventures.tests.test_practica" name="test_activar_ai" time="0.001" /><testcase classname="MyAdventures.tests.test_practica" name="test_activar_insult" time="0.001" /><testcase classname="MyAdventures.tests.test_practica" name="test_desactivar_tnt" time="0.129" /><testcase classname="MyAdventures.tests.test_practica" name="test_desactivar_ai" time="0.098" /><testcase classname="MyAdventures.tests.test_practica" name="test_desactivar_insult" time="0.149" /></testsuite></testsuites>