<?xml version="1.0" encoding="utf-8"?><testsuites><testsuite name="pytest" errors="0" failures="0" skipped="0" tests="6" time="7.696" timestamp="2025-01-05T13:08:23.460226+01:00" hostname="juanca"><testcase classname="MyAdventures.tests.test_practica" name="test_activar_tnt" file="MyAdventures\tests\test_practica.py" line="30" time="0.043" /><testcase classname="MyAdventures.tests.test_practica" name="test_activar_ai" file="MyAdventures\tests\test_practica.py" line="35" time="0.001" /><testcase classname="MyAdventures.tests.test_practica" name="test_activar_insult" file="MyAdventures\tests\test_practica.py" line="40" time="0.001" /><testcase classname="MyAdventures.tests.test_practica" name="test_desactivar_tnt" file="MyAdventures\tests\test_practica.py" line="45" time="0.138" /><testcase classname="MyAdventures.tests.test_practica" name="test_desactivar_ai" file="MyAdventures\tests\test_practica.py" line="50" time="0.096" /><testcase classname="MyAdventures.tests.test_practica" name="test_desactivar_insult" file="MyAdventures\tests\test_practica.py" line="55" time="0.149" /></testsuite></testsuites>