<?xml version="1.0" encoding="utf-8"?><testsuites><testsuite name="pytest" errors="0" failures="0" skipped="0" tests="12" time="4.274" timestamp="2025-01-05T13:53:55.913319+01:00" hostname="juanca"><testcase classname="MyAdventures.tests.test_practica" name="test_activar_tnt" time="0.054" /><testcase classname="MyAdventures.tests.test_practica" name="test_activar_ai" time="0.001" /><testcase classname="MyAdventures.tests.test_practica" name="test_activar_insult" time="0.001" /><testcase classname="MyAdventures.tests.test_practica" name="test_desactivar_tnt" time="0.135" /><testcase classname="MyAdventures.tests.test_practica" name="test_desactivar_ai" time="0.098" /><testcase classname="MyAdventures.tests.test_practica" name="test_desactivar_insult" time="0.149" /><testcase classname="MyAdventures.tests.test_practica" name="test_wake_server" time="0.249" /><testcase classname="MyAdventures.tests.test_practica" name="test_mostrar_bots" time="0.001" /><testcase classname="MyAdventures.tests.test_practica" name="test_enviar_mensaje" time="0.001" /><testcase classname="MyAdventures.tests.test_practica" name="test_obtener_jugadores" time="0.044" /><testcase classname="MyAdventures.tests.test_practica" name="test_activar_bot" time="0.002" /><testcase classname="MyAdventures.tests.test_practica" name="test_desactivar_bot" time="0.098" /></testsuite></testsuites>