<?xml version="1.0" encoding="utf-8"?><testsuites><testsuite name="pytest" errors="0" failures="0" skipped="0" tests="6" time="6.847" timestamp="2025-01-04T19:51:39.422739+01:00" hostname="juanca"><testcase classname="MyAdventures.tests.test_practica" name="test_activar_tnt" file="MyAdventures\tests\test_practica.py" line="30" time="0.059" /><testcase classname="MyAdventures.tests.test_practica" name="test_activar_ai" file="MyAdventures\tests\test_practica.py" line="35" time="0.001" /><testcase classname="MyAdventures.tests.test_practica" name="test_activar_insult" file="MyAdventures\tests\test_practica.py" line="40" time="0.001" /><testcase classname="MyAdventures.tests.test_practica" name="test_desactivar_tnt" file="MyAdventures\tests\test_practica.py" line="45" time="0.134" /><testcase classname="MyAdventures.tests.test_practica" name="test_desactivar_ai" file="MyAdventures\tests\test_practica.py" line="50" time="0.098" /><testcase classname="MyAdventures.tests.test_practica" name="test_desactivar_insult" file="MyAdventures\tests\test_practica.py" line="55" time="0.148" /></testsuite></testsuites>