<?xml version="1.0" encoding="utf-8"?><testsuites><testsuite name="pytest" errors="0" failures="0" skipped="0" tests="6" time="5.234" timestamp="2025-01-04T19:11:33.036866+01:00" hostname="juanca"><testcase classname="MyAdventures.tests.test_practica" name="test_activar_tnt" file="MyAdventures\tests\test_practica.py" line="30" time="0.057" /><testcase classname="MyAdventures.tests.test_practica" name="test_activar_ai" file="MyAdventures\tests\test_practica.py" line="35" time="0.001" /><testcase classname="MyAdventures.tests.test_practica" name="test_activar_insult" file="MyAdventures\tests\test_practica.py" line="40" time="0.001" /><testcase classname="MyAdventures.tests.test_practica" name="test_desactivar_tnt" file="MyAdventures\tests\test_practica.py" line="45" time="0.133" /><testcase classname="MyAdventures.tests.test_practica" name="test_desactivar_ai" file="MyAdventures\tests\test_practica.py" line="50" time="0.102" /><testcase classname="MyAdventures.tests.test_practica" name="test_desactivar_insult" file="MyAdventures\tests\test_practica.py" line="55" time="0.148" /></testsuite></testsuites>