<?xml version="1.0" encoding="utf-8"?><testsuites><testsuite name="pytest" errors="0" failures="0" skipped="0" tests="11" time="7.176" timestamp="2025-01-05T13:42:44.764282+01:00" hostname="juanca"><testcase classname="MyAdventures.tests.test_practica" name="test_activar_tnt" time="0.049" /><testcase classname="MyAdventures.tests.test_practica" name="test_activar_ai" time="0.001" /><testcase classname="MyAdventures.tests.test_practica" name="test_activar_insult" time="0.001" /><testcase classname="MyAdventures.tests.test_practica" name="test_desactivar_tnt" time="0.136" /><testcase classname="MyAdventures.tests.test_practica" name="test_desactivar_ai" time="0.097" /><testcase classname="MyAdventures.tests.test_practica" name="test_desactivar_insult" time="0.149" /><testcase classname="MyAdventures.tests.test_practica" name="test_mostrar_bots" time="0.251" /><testcase classname="MyAdventures.tests.test_practica" name="test_enviar_mensaje" time="0.001" /><testcase classname="MyAdventures.tests.test_practica" name="test_obtener_jugadores" time="0.046" /><testcase classname="MyAdventures.tests.test_practica" name="test_activar_bot" time="0.002" /><testcase classname="MyAdventures.tests.test_practica" name="test_desactivar_bot" time="0.097" /></testsuite></testsuites>