<?xml version="1.0" encoding="utf-8"?><testsuites><testsuite name="pytest" errors="0" failures="0" skipped="0" tests="6" time="4.789" timestamp="2025-01-05T13:30:14.784885+01:00" hostname="juanca"><testcase classname="MyAdventures.tests.test_practica" name="test_activar_tnt" time="0.056" /><testcase classname="MyAdventures.tests.test_practica" name="test_activar_ai" time="0.001" /><testcase classname="MyAdventures.tests.test_practica" name="test_activar_insult" time="0.001" /><testcase classname="MyAdventures.tests.test_practica" name="test_desactivar_tnt" time="0.134" /><testcase classname="MyAdventures.tests.test_practica" name="test_desactivar_ai" time="0.097" /><testcase classname="MyAdventures.tests.test_practica" name="test_desactivar_insult" time="0.149" /></testsuite></testsuites>